<?xml version="1.0" encoding="UTF-8"?>
<testsuite name="HeroTest" tests="1" skipped="0" failures="0" errors="0" timestamp="2018-10-05T12:59:27" hostname="abdulfatah-Lenovo-ideapad-110-15ISK" time="0.001">
  <properties/>
  <testcase name="hero_returnsInstancObject_Object" classname="HeroTest" time="0.001"/>
  <system-out><![CDATA[]]></system-out>
  <system-err><![CDATA[]]></system-err>
</testsuite>
