<?xml version="1.0" encoding="UTF-8"?>
<testsuite name="HeroTest" tests="4" skipped="0" failures="0" errors="0" timestamp="2018-10-06T22:43:45" hostname="abdulfatah-Lenovo-ideapad-110-15ISK" time="0.009">
  <properties/>
  <testcase name="hero_checkWhetherHeroHasPower_string" classname="HeroTest" time="0.007"/>
  <testcase name="hero_returnsInstancObject_Object" classname="HeroTest" time="0.0"/>
  <testcase name="hero_checkWhetherHeroHasAge_Integer" classname="HeroTest" time="0.0"/>
  <testcase name="hero_checkWhetherHeroHasName_String" classname="HeroTest" time="0.0"/>
  <system-out><![CDATA[]]></system-out>
  <system-err><![CDATA[]]></system-err>
</testsuite>
